NEB log file generated by ORCA
All quantities are given in atomic units. Unless stated otherwise. 
iteration       : 0
climbing        : no
zoom on         : no
nim             : 5
barrier         :   0.24985214 (image:  2) 
distance        :   0.00000000    5.42011563   10.83651911   16.25187502   21.66984143 
energy          : -2845.92102506  -2845.75710647  -2845.67117293  -2845.81007073  -2845.94603751 
max(|Fr_perp|)   :   0.00000000    0.05111637    0.07324486    0.08913439    0.00000000 
Fr_paral         :   0.00000000   -0.05665085    0.01475310    0.02147951    0.00000000 
max(|Fsp_paral|) :   0.00000000    0.05456833    0.00005177    0.11248558    0.00000000 
max(|Fsp_perp|)  :   0.00000000    0.00000000    0.00000000    0.00000000    0.00000000 
max(|FNEB|)      :   0.00000000    0.08633684    0.07324342    0.17985233    0.00000000 
max(|Force|)     :   0.00089664    0.06958599    0.07426673    0.08974595    0.00017119 
ksp              :   0.06904676    0.10000000    0.10000000    0.04997991 
max(|step|)      :   0.00000000    0.04800430    0.04072420    0.10000000    0.00000000 
angle (deg.)     :    44.1078  49.4578  44.3353 
>
iteration       : 1
climbing        : no
zoom on         : no
nim             : 5
barrier         :   0.24179379 (image:  2) 
distance        :   0.00000000    5.49086565   10.81118490   16.07084008   21.58241082 
energy          : -2845.92102506  -2845.76235250  -2845.67923128  -2845.82070537  -2845.94603751 
max(|Fr_perp|)   :   0.00000000    0.05071765    0.07060582    0.08476840    0.00000000 
Fr_paral         :   0.00000000   -0.06192175    0.01449801    0.02686820    0.00000000 
max(|Fsp_paral|) :   0.00000000    0.05057610    0.00238635    0.10862573    0.00000000 
max(|Fsp_perp|)  :   0.00000000    0.00000000    0.00000000    0.00000000    0.00000000 
max(|FNEB|)      :   0.00000000    0.08016216    0.07014767    0.17318859    0.00000000 
max(|Force|)     :   0.00089664    0.07083469    0.07170073    0.08582413    0.00017119 
ksp              :   0.06906078    0.10000000    0.10000000    0.04734080 
max(|step|)      :   0.00000000    0.04499372    0.04015757    0.10000000    0.01635531 
angle (deg.)     :    43.8461  49.2384  43.1430 
>
iteration       : 2
climbing        : no
zoom on         : no
nim             : 5
barrier         :   0.23426909 (image:  2) 
distance        :   0.00000000    5.56420651   10.78847456   15.88870856   21.50825698 
energy          : -2845.92102506  -2845.76597852  -2845.68675597  -2845.82803641  -2845.94603751 
max(|Fr_perp|)   :   0.00000000    0.05136621    0.07011727    0.07342916    0.00000000 
Fr_paral         :   0.00000000   -0.06336021    0.01565102    0.03128705    0.00000000 
max(|Fsp_paral|) :   0.00000000    0.04547475    0.00488172    0.10223610    0.00000000 
max(|Fsp_perp|)  :   0.00000000    0.00000000    0.00000000    0.00000000    0.00000000 
max(|FNEB|)      :   0.00000000    0.07385283    0.06910433    0.15920526    0.00000000 
max(|Force|)     :   0.00089664    0.07210056    0.07137090    0.07499832    0.00017119 
ksp              :   0.06956280    0.10000000    0.10000000    0.04572933 
max(|step|)      :   0.00000000    0.04638844    0.04340581    0.10000000    0.00000000 
angle (deg.)     :    43.6439  48.9812  42.0184 
>
iteration       : 3
climbing        : no
zoom on         : no
nim             : 5
barrier         :   0.22636852 (image:  2) 
distance        :   0.00000000    5.63730433   10.76580055   15.70683936   21.43997066 
energy          : -2845.92102506  -2845.76985880  -2845.69465654  -2845.83333962  -2845.94603751 
max(|Fr_perp|)   :   0.00000000    0.05194719    0.06867002    0.05717663    0.00000000 
Fr_paral         :   0.00000000   -0.06568256    0.01634681    0.03564217    0.00000000 
max(|Fsp_paral|) :   0.00000000    0.04019711    0.00736606    0.09444934    0.00000000 
max(|Fsp_perp|)  :   0.00000000    0.00000000    0.00000000    0.00000000    0.00000000 
max(|FNEB|)      :   0.00000000    0.06749245    0.06703915    0.13880190    0.00000000 
max(|Force|)     :   0.00089664    0.07361099    0.07009219    0.05924337    0.00017119 
ksp              :   0.07010095    0.10000000    0.10000000    0.04486214 
max(|step|)      :   0.00000000    0.05484664    0.06103465    0.10000000    0.02319683 
angle (deg.)     :    43.8073  48.3183  41.2333 
>
iteration       : 4
climbing        : no
zoom on         : no
nim             : 5
barrier         :   0.21438488 (image:  2) 
distance        :   0.00000000    5.72532060   10.73186203   15.47727859   21.37844997 
energy          : -2845.92102506  -2845.77704151  -2845.70664018  -2845.83416926  -2845.94603751 
max(|Fr_perp|)   :   0.00000000    0.05363394    0.06855103    0.04264978    0.00000000 
Fr_paral         :   0.00000000   -0.06491808    0.01902566    0.03825497    0.00000000 
max(|Fsp_paral|) :   0.00000000    0.03408435    0.01039907    0.08041645    0.00000000 
max(|Fsp_perp|)  :   0.00000000    0.00000000    0.00000000    0.00000000    0.00000000 
max(|FNEB|)      :   0.00000000    0.06082200    0.06615330    0.11110823    0.00000000 
max(|Force|)     :   0.00089664    0.07636989    0.07031412    0.04505137    0.00017119 
ksp              :   0.07044401    0.10000000    0.10000000    0.04645869 
max(|step|)      :   0.00000000    0.05474121    0.05953951    0.10000000    0.00000000 
angle (deg.)     :    43.9264  47.8460  40.5227 
>
iteration       : 5
climbing        : no
zoom on         : no
nim             : 5
barrier         :   0.20312607 (image:  2) 
distance        :   0.00000000    5.80908864   10.70187006   15.27780097   21.32439595 
energy          : -2845.92102506  -2845.78372308  -2845.71789899  -2845.83497261  -2845.94603751 
max(|Fr_perp|)   :   0.00000000    0.05460013    0.06394099    0.03022613    0.00000000 
Fr_paral         :   0.00000000   -0.06811130    0.01951970    0.04116033    0.00000000 
max(|Fsp_paral|) :   0.00000000    0.02791608    0.01274399    0.06745754    0.00000000 
max(|Fsp_perp|)  :   0.00000000    0.00000000    0.00000000    0.00000000    0.00000000 
max(|FNEB|)      :   0.00000000    0.05441287    0.06079719    0.07654353    0.00000000 
max(|Force|)     :   0.00089664    0.07904248    0.06587773    0.03454938    0.00017119 
ksp              :   0.07083502    0.10000000    0.10000000    0.04812766 
max(|step|)      :   0.00000000    0.08318730    0.10000000    0.08852346    0.03065794 
angle (deg.)     :    44.7824  46.8659  40.6982 
>
iteration       : 6
climbing        : no
zoom on         : no
nim             : 5
barrier         :   0.18465786 (image:  2) 
distance        :   0.00000000    5.93241794   10.65649179   15.03252648   21.29524277 
energy          : -2845.92102506  -2845.79788657  -2845.73636721  -2845.83401497  -2845.94603751 
max(|Fr_perp|)   :   0.00000000    0.05771576    0.05774992    0.02807898    0.00000000 
Fr_paral         :   0.00000000   -0.06913309    0.02109170    0.04177752    0.00000000 
max(|Fsp_paral|) :   0.00000000    0.02137139    0.01450401    0.04495170    0.00000000 
max(|Fsp_perp|)  :   0.00000000    0.00000000    0.00000000    0.00000000    0.00000000 
max(|FNEB|)      :   0.00000000    0.05101630    0.05452711    0.05109585    0.00000000 
max(|Force|)     :   0.00089664    0.08364962    0.05974218    0.03337625    0.00017119 
ksp              :   0.07002266    0.10000000    0.10000000    0.05240028 
max(|step|)      :   0.00000000    0.09356135    0.10000000    0.09370724    0.00000000 
angle (deg.)     :    46.0140  46.2469  41.2856 
>
iteration       : 7
climbing        : no
zoom on         : no
nim             : 5
barrier         :   0.16890652 (image:  2) 
distance        :   0.00000000    6.06002706   10.61880916   14.84234729   21.29670008 
energy          : -2845.92102506  -2845.81407697  -2845.75211855  -2845.83522169  -2845.94603751 
max(|Fr_perp|)   :   0.00000000    0.05717054    0.03986385    0.02945803    0.00000000 
Fr_paral         :   0.00000000   -0.07608354    0.01641910    0.04388976    0.00000000 
max(|Fsp_paral|) :   0.00000000    0.01973013    0.01448273    0.02615535    0.00000000 
max(|Fsp_perp|)  :   0.00000000    0.00000000    0.00000000    0.00000000    0.00000000 
max(|FNEB|)      :   0.00000000    0.04812187    0.03648290    0.03760115    0.00000000 
max(|Force|)     :   0.00089664    0.08722911    0.04151973    0.03541850    0.00017119 
ksp              :   0.06698613    0.10000000    0.10000000    0.05571940 
max(|step|)      :   0.00000000    0.10000000    0.08263213    0.07351672    0.02787390 
angle (deg.)     :    47.7943  46.0774  42.7320 
>
iteration       : 8
climbing        : no
zoom on         : no
nim             : 5
barrier         :   0.15952555 (image:  2) 
distance        :   0.00000000    6.20469476   10.59868337   14.73457043   21.35217186 
energy          : -2845.92102506  -2845.83110178  -2845.76149952  -2845.83917612  -2845.94603751 
max(|Fr_perp|)   :   0.00000000    0.05116212    0.02275359    0.02875712    0.00000000 
Fr_paral         :   0.00000000   -0.07600472    0.01102471    0.04399396    0.00000000 
max(|Fsp_paral|) :   0.00000000    0.02613846    0.01162425    0.01764315    0.00000000 
max(|Fsp_perp|)  :   0.00000000    0.00000000    0.00000000    0.00000000    0.00000000 
max(|FNEB|)      :   0.00000000    0.04468245    0.02453305    0.02978692    0.00000000 
max(|Force|)     :   0.00089664    0.08301904    0.02201917    0.03726864    0.00017119 
ksp              :   0.06074601    0.10000000    0.10000000    0.05618175 
max(|step|)      :   0.00000000    0.10000000    0.05490534    0.06666357    0.00000000 
angle (deg.)     :    49.4779  46.3449  44.1842 
>
iteration       : 9
climbing        : no
zoom on         : no
nim             : 5
barrier         :   0.15399861 (image:  2) 
distance        :   0.00000000    6.38096493   10.58561251   14.67971133   21.42287937 
energy          : -2845.92102506  -2845.84102954  -2845.76702645  -2845.84524257  -2845.94603751 
max(|Fr_perp|)   :   0.00000000    0.03778234    0.01621740    0.02881030    0.00000000 
Fr_paral         :   0.00000000   -0.07612147    0.00924057    0.04481074    0.00000000 
max(|Fsp_paral|) :   0.00000000    0.02599357    0.00517746    0.01849395    0.00000000 
max(|Fsp_perp|)  :   0.00000000    0.00000000    0.00000000    0.00000000    0.00000000 
max(|FNEB|)      :   0.00000000    0.04182521    0.01696780    0.02622632    0.00000000 
max(|Force|)     :   0.00089664    0.07169950    0.01577269    0.03863517    0.00017119 
ksp              :   0.05675105    0.10000000    0.10000000    0.05428887 
max(|step|)      :   0.00000000    0.10000000    0.04525583    0.06255245    0.01695599 
angle (deg.)     :    51.5109  47.1611  45.6196 
>
iteration       : 10
climbing        : no
zoom on         : no
nim             : 5
barrier         :   0.14953703 (image:  2) 
distance        :   0.00000000    6.56319700   10.60262364   14.63755225   21.51238291 
energy          : -2845.92102506  -2845.84755232  -2845.77148803  -2845.85114122  -2845.94603751 
max(|Fr_perp|)   :   0.00000000    0.02375692    0.01439718    0.02869054    0.00000000 
Fr_paral         :   0.00000000   -0.06267791    0.00730137    0.04599998    0.00000000 
max(|Fsp_paral|) :   0.00000000    0.02257273    0.00021614    0.01960933    0.00000000 
max(|Fsp_perp|)  :   0.00000000    0.00000000    0.00000000    0.00000000    0.00000000 
max(|FNEB|)      :   0.00000000    0.03267998    0.01440699    0.02570313    0.00000000 
max(|Force|)     :   0.00089664    0.05322631    0.01427222    0.03992086    0.00017119 
ksp              :   0.05421956    0.10000000    0.10000000    0.05206702 
max(|step|)      :   0.00000000    0.10000000    0.04408507    0.07865101    0.00000000 
angle (deg.)     :    53.2876  48.2474  46.9339 
>
iteration       : 11
climbing        : no
zoom on         : no
nim             : 5
barrier         :   0.14521155 (image:  2) 
distance        :   0.00000000    6.74265940   10.64323415   14.54729219   21.59498965 
energy          : -2845.92102506  -2845.84921836  -2845.77581351  -2845.85748714  -2845.94603751 
max(|Fr_perp|)   :   0.00000000    0.02171773    0.01384881    0.02757220    0.00000000 
Fr_paral         :   0.00000000   -0.05961112    0.00606451    0.04843632    0.00000000 
max(|Fsp_paral|) :   0.00000000    0.01102441    0.00017260    0.01855988    0.00000000 
max(|Fsp_perp|)  :   0.00000000    0.00000000    0.00000000    0.00000000    0.00000000 
max(|FNEB|)      :   0.00000000    0.02356494    0.01384239    0.02699667    0.00000000 
max(|Force|)     :   0.00089664    0.05086014    0.01373700    0.04111498    0.00017119 
ksp              :   0.05450475    0.10000000    0.10000000    0.04937988 
max(|step|)      :   0.00000000    0.08855390    0.05286026    0.10000000    0.01714089 
angle (deg.)     :    55.6551  49.5200  48.8345 
>
iteration       : 12
climbing        : no
zoom on         : no
nim             : 5
barrier         :   0.14119354 (image:  2) 
distance        :   0.00000000    6.88708850   10.71760034   14.46958855   21.73276283 
energy          : -2845.92102506  -2845.85279541  -2845.77983153  -2845.86503439  -2845.94603751 
max(|Fr_perp|)   :   0.00000000    0.02524981    0.01293751    0.02458385    0.00000000 
Fr_paral         :   0.00000000   -0.04470073    0.00728920    0.04983127    0.00000000 
max(|Fsp_paral|) :   0.00000000    0.00741489    0.00400553    0.01935781    0.00000000 
max(|Fsp_perp|)  :   0.00000000    0.00000000    0.00000000    0.00000000    0.00000000 
max(|FNEB|)      :   0.00000000    0.02600357    0.01250386    0.02586306    0.00000000 
max(|Force|)     :   0.00089664    0.03311728    0.01393480    0.04198799    0.00017119 
ksp              :   0.05350297    0.10000000    0.10000000    0.04569657 
max(|step|)      :   0.00000000    0.10000000    0.04808516    0.09945967    0.00000000 
angle (deg.)     :    57.4775  50.5849  50.7969 
>
iteration       : 13
climbing        : no
zoom on         : no
nim             : 5
barrier         :   0.13867765 (image:  2) 
distance        :   0.00000000    6.97958096   10.74086755   14.36670137   21.84614287 
energy          : -2845.92102506  -2845.84475100  -2845.78234741  -2845.87077990  -2845.94603751 
max(|Fr_perp|)   :   0.00000000    0.11828620    0.01934561    0.02231866    0.00000000 
Fr_paral         :   0.00000000   -0.04320271    0.00573396    0.05079431    0.00000000 
max(|Fsp_paral|) :   0.00000000    0.02026930    0.00701779    0.02003092    0.00000000 
max(|Fsp_perp|)  :   0.00000000    0.00000000    0.00000000    0.00000000    0.00000000 
max(|FNEB|)      :   0.00000000    0.11901626    0.02140804    0.02641421    0.00000000 
max(|Force|)     :   0.00089664    0.11909158    0.01847255    0.04255718    0.00017119 
ksp              :   0.05950088    0.10000000    0.10000000    0.04260846 
max(|step|)      :   0.00000000    0.03681455    0.03331082    0.07091872    0.00691977 
angle (deg.)     :    58.9753  51.2525  52.3177 
>
iteration       : 14
climbing        : no
zoom on         : no
nim             : 5
barrier         :   0.13720036 (image:  2) 
distance        :   0.00000000    7.02319672   10.77215923   14.31676357   21.95066559 
energy          : -2845.92102506  -2845.85349470  -2845.78382470  -2845.87446933  -2845.94603751 
max(|Fr_perp|)   :   0.00000000    0.07783029    0.02474605    0.02024621    0.00000000 
Fr_paral         :   0.00000000   -0.03542165    0.00529788    0.05056604    0.00000000 
max(|Fsp_paral|) :   0.00000000    0.00337512    0.01061612    0.02082027    0.00000000 
max(|Fsp_perp|)  :   0.00000000    0.00000000    0.00000000    0.00000000    0.00000000 
max(|FNEB|)      :   0.00000000    0.07802447    0.02790446    0.02556492    0.00000000 
max(|Force|)     :   0.00089664    0.07889651    0.02392725    0.04257145    0.00017119 
ksp              :   0.05429823    0.10000000    0.10000000    0.04053939 
max(|step|)      :   0.00000000    0.05290452    0.04767817    0.10000000    0.01162670 
angle (deg.)     :    61.0615  52.2823  54.7130 
>
